<?xml version="1.0" encoding="UTF-8"?>
<testng-results ignored="0" total="9" passed="9" failed="0" skipped="0">
  <reporter-output>
  </reporter-output>
  <suite started-at="2026-04-07T12:23:10 IST" name="Surefire suite" finished-at="2026-04-07T12:24:22 IST" duration-ms="72656">
    <groups>
      <group name="cucumber">
        <method signature="AbstractTestNGCucumberTests.runScenario(io.cucumber.testng.PickleWrapper,io.cucumber.testng.FeatureWrapper)[pri:0, instance:runner.TestRunner@2c767a52]" name="runScenario" class="io.cucumber.testng.AbstractTestNGCucumberTests"/>
      </group> <!-- cucumber -->
    </groups>
    <test started-at="2026-04-07T12:23:10 IST" name="Surefire test" finished-at="2026-04-07T12:24:22 IST" duration-ms="72656">
      <class name="runner.TestSetup">
        <test-method is-config="true" signature="generateFeature()[pri:0, instance:runner.TestSetup@43195e57]" started-at="2026-04-07T12:23:08 IST" name="generateFeature" finished-at="2026-04-07T12:23:10 IST" duration-ms="1446" status="PASS">
          <reporter-output>
          </reporter-output>
        </test-method> <!-- generateFeature -->
      </class> <!-- runner.TestSetup -->
      <class name="runner.TestRunner">
        <test-method is-config="true" signature="setUpClass(org.testng.ITestContext)[pri:0, instance:runner.TestRunner@2c767a52]" started-at="2026-04-07T12:23:10 IST" name="setUpClass" finished-at="2026-04-07T12:23:10 IST" duration-ms="600" status="PASS">
          <params>
            <param index="0">
              <value>
                <![CDATA[org.testng.TestRunner@77ba583]]>
              </value>
            </param>
          </params>
          <reporter-output>
          </reporter-output>
        </test-method> <!-- setUpClass -->
        <test-method signature="runScenario(io.cucumber.testng.PickleWrapper,io.cucumber.testng.FeatureWrapper)[pri:0, instance:runner.TestRunner@2c767a52]" started-at="2026-04-07T12:23:10 IST" name="runScenario" description="Runs Cucumber Scenarios" data-provider="scenarios" finished-at="2026-04-07T12:23:20 IST" duration-ms="9714" status="PASS">
          <params>
            <param index="0">
              <value>
                <![CDATA["Login with user testuser"]]>
              </value>
            </param>
            <param index="1">
              <value>
                <![CDATA["DemoQA Login"]]>
              </value>
            </param>
          </params>
          <reporter-output>
          </reporter-output>
        </test-method> <!-- runScenario -->
        <test-method signature="runScenario(io.cucumber.testng.PickleWrapper,io.cucumber.testng.FeatureWrapper)[pri:0, instance:runner.TestRunner@2c767a52]" started-at="2026-04-07T12:23:20 IST" name="runScenario" description="Runs Cucumber Scenarios" data-provider="scenarios" finished-at="2026-04-07T12:23:27 IST" duration-ms="6890" status="PASS">
          <params>
            <param index="0">
              <value>
                <![CDATA["Login with user wronguser"]]>
              </value>
            </param>
            <param index="1">
              <value>
                <![CDATA["DemoQA Login"]]>
              </value>
            </param>
          </params>
          <reporter-output>
          </reporter-output>
        </test-method> <!-- runScenario -->
        <test-method signature="runScenario(io.cucumber.testng.PickleWrapper,io.cucumber.testng.FeatureWrapper)[pri:0, instance:runner.TestRunner@2c767a52]" started-at="2026-04-07T12:23:27 IST" name="runScenario" description="Runs Cucumber Scenarios" data-provider="scenarios" finished-at="2026-04-07T12:23:34 IST" duration-ms="7104" status="PASS">
          <params>
            <param index="0">
              <value>
                <![CDATA["Login with user vinod"]]>
              </value>
            </param>
            <param index="1">
              <value>
                <![CDATA["DemoQA Login"]]>
              </value>
            </param>
          </params>
          <reporter-output>
          </reporter-output>
        </test-method> <!-- runScenario -->
        <test-method signature="runScenario(io.cucumber.testng.PickleWrapper,io.cucumber.testng.FeatureWrapper)[pri:0, instance:runner.TestRunner@2c767a52]" started-at="2026-04-07T12:23:34 IST" name="runScenario" description="Runs Cucumber Scenarios" data-provider="scenarios" finished-at="2026-04-07T12:23:42 IST" duration-ms="8128" status="PASS">
          <params>
            <param index="0">
              <value>
                <![CDATA["Login with user  testuser"]]>
              </value>
            </param>
            <param index="1">
              <value>
                <![CDATA["DemoQA Login"]]>
              </value>
            </param>
          </params>
          <reporter-output>
          </reporter-output>
        </test-method> <!-- runScenario -->
        <test-method signature="runScenario(io.cucumber.testng.PickleWrapper,io.cucumber.testng.FeatureWrapper)[pri:0, instance:runner.TestRunner@2c767a52]" started-at="2026-04-07T12:23:42 IST" name="runScenario" description="Runs Cucumber Scenarios" data-provider="scenarios" finished-at="2026-04-07T12:23:52 IST" duration-ms="9925" status="PASS">
          <params>
            <param index="0">
              <value>
                <![CDATA["Login with user  testuser"]]>
              </value>
            </param>
            <param index="1">
              <value>
                <![CDATA["DemoQA Login"]]>
              </value>
            </param>
          </params>
          <reporter-output>
          </reporter-output>
        </test-method> <!-- runScenario -->
        <test-method signature="runScenario(io.cucumber.testng.PickleWrapper,io.cucumber.testng.FeatureWrapper)[pri:0, instance:runner.TestRunner@2c767a52]" started-at="2026-04-07T12:23:52 IST" name="runScenario" description="Runs Cucumber Scenarios" data-provider="scenarios" finished-at="2026-04-07T12:23:58 IST" duration-ms="6177" status="PASS">
          <params>
            <param index="0">
              <value>
                <![CDATA["Login with user  testuser"]]>
              </value>
            </param>
            <param index="1">
              <value>
                <![CDATA["DemoQA Login"]]>
              </value>
            </param>
          </params>
          <reporter-output>
          </reporter-output>
        </test-method> <!-- runScenario -->
        <test-method signature="runScenario(io.cucumber.testng.PickleWrapper,io.cucumber.testng.FeatureWrapper)[pri:0, instance:runner.TestRunner@2c767a52]" started-at="2026-04-07T12:23:58 IST" name="runScenario" description="Runs Cucumber Scenarios" data-provider="scenarios" finished-at="2026-04-07T12:24:04 IST" duration-ms="6056" status="PASS">
          <params>
            <param index="0">
              <value>
                <![CDATA["Login with user  testuser"]]>
              </value>
            </param>
            <param index="1">
              <value>
                <![CDATA["DemoQA Login"]]>
              </value>
            </param>
          </params>
          <reporter-output>
          </reporter-output>
        </test-method> <!-- runScenario -->
        <test-method signature="runScenario(io.cucumber.testng.PickleWrapper,io.cucumber.testng.FeatureWrapper)[pri:0, instance:runner.TestRunner@2c767a52]" started-at="2026-04-07T12:24:04 IST" name="runScenario" description="Runs Cucumber Scenarios" data-provider="scenarios" finished-at="2026-04-07T12:24:11 IST" duration-ms="6885" status="PASS">
          <params>
            <param index="0">
              <value>
                <![CDATA["Login with user  testuser"]]>
              </value>
            </param>
            <param index="1">
              <value>
                <![CDATA["DemoQA Login"]]>
              </value>
            </param>
          </params>
          <reporter-output>
          </reporter-output>
        </test-method> <!-- runScenario -->
        <test-method signature="runScenario(io.cucumber.testng.PickleWrapper,io.cucumber.testng.FeatureWrapper)[pri:0, instance:runner.TestRunner@2c767a52]" started-at="2026-04-07T12:24:11 IST" name="runScenario" description="Runs Cucumber Scenarios" data-provider="scenarios" finished-at="2026-04-07T12:24:22 IST" duration-ms="11077" status="PASS">
          <params>
            <param index="0">
              <value>
                <![CDATA["Login with user  testuser"]]>
              </value>
            </param>
            <param index="1">
              <value>
                <![CDATA["DemoQA Login"]]>
              </value>
            </param>
          </params>
          <reporter-output>
          </reporter-output>
        </test-method> <!-- runScenario -->
        <test-method is-config="true" signature="tearDownClass()[pri:0, instance:runner.TestRunner@2c767a52]" started-at="2026-04-07T12:24:22 IST" name="tearDownClass" finished-at="2026-04-07T12:24:22 IST" duration-ms="50" status="PASS">
          <reporter-output>
          </reporter-output>
        </test-method> <!-- tearDownClass -->
      </class> <!-- runner.TestRunner -->
    </test> <!-- Surefire test -->
  </suite> <!-- Surefire suite -->
</testng-results>
