<?xml version="1.0" encoding="UTF-8"?>
<testsuite xmlns:xsi="http://www.w3.org/2001/XMLSchema-instance" xsi:noNamespaceSchemaLocation="https://maven.apache.org/surefire/maven-surefire-plugin/xsd/surefire-test-report-3.0.xsd" version="3.0" name="TestSuite" time="74.653" tests="9" errors="0" skipped="0" failures="0">
  <properties>
[...]
</properties>
  <testcase name="runScenario[&quot;Login with user testuser&quot;, &quot;DemoQA Login&quot;](1)" classname="runner.TestRunner" time="9.716">
    <system-out><![CDATA[Feature file generated successfully!

Scenario: Login with user testuser                                 &amp#27;[90m# src/test/resources/features/generatedLogin.feature:3&amp#27;[0m
  &amp#27;[32mGiven &amp#27;[0m&amp#27;[32muser is on login page&amp#27;[0m                                      &amp#27;[90m# stepDefinitions.LoginSteps.openBrowser()&amp#27;[0m
  &amp#27;[32mWhen &amp#27;[0m&amp#27;[32muser enters username &amp#27;[0m&amp#27;[32m&amp#27;[1m"testuser"&amp#27;[0m&amp#27;[32m and password &amp#27;[0m&amp#27;[32m&amp#27;[1m"Password123!"&amp#27;[0m &amp#27;[90m# stepDefinitions.LoginSteps.navigateTo(java.lang.String,java.lang.String)&amp#27;[0m
  &amp#27;[32mAnd &amp#27;[0m&amp#27;[32mclicks on login button&amp#27;[0m                                       &amp#27;[90m# stepDefinitions.LoginSteps.clicks_on_login_button()&amp#27;[0m
  &amp#27;[32mThen &amp#27;[0m&amp#27;[32mlogin result should be &amp#27;[0m&amp#27;[32m&amp#27;[1m"success"&amp#27;[0m                            &amp#27;[90m# stepDefinitions.LoginSteps.validateTitle(java.lang.String)&amp#27;[0m
]]></system-out>
    <system-err><![CDATA[SLF4J: Failed to load class "org.slf4j.impl.StaticLoggerBinder".
SLF4J: Defaulting to no-operation (NOP) logger implementation
SLF4J: See http://www.slf4j.org/codes.html#StaticLoggerBinder for further details.
ERROR StatusLogger Log4j2 could not find a logging implementation. Please add log4j-core to the classpath. Using SimpleLogger to log to the console...
Apr 07, 2026 12:23:11 PM org.openqa.selenium.remote.tracing.opentelemetry.OpenTelemetryTracer createTracer
INFO: Using OpenTelemetry for tracing
]]></system-err>
  </testcase>
  <testcase name="runScenario[&quot;Login with user wronguser&quot;, &quot;DemoQA Login&quot;](2)" classname="runner.TestRunner" time="6.889">
    <system-out><![CDATA[
Scenario: Login with user wronguser                          &amp#27;[90m# src/test/resources/features/generatedLogin.feature:9&amp#27;[0m
  &amp#27;[32mGiven &amp#27;[0m&amp#27;[32muser is on login page&amp#27;[0m                                &amp#27;[90m# stepDefinitions.LoginSteps.openBrowser()&amp#27;[0m
  &amp#27;[32mWhen &amp#27;[0m&amp#27;[32muser enters username &amp#27;[0m&amp#27;[32m&amp#27;[1m"wronguser"&amp#27;[0m&amp#27;[32m and password &amp#27;[0m&amp#27;[32m&amp#27;[1m"wrong"&amp#27;[0m &amp#27;[90m# stepDefinitions.LoginSteps.navigateTo(java.lang.String,java.lang.String)&amp#27;[0m
  &amp#27;[32mAnd &amp#27;[0m&amp#27;[32mclicks on login button&amp#27;[0m                                 &amp#27;[90m# stepDefinitions.LoginSteps.clicks_on_login_button()&amp#27;[0m
  &amp#27;[32mThen &amp#27;[0m&amp#27;[32mlogin result should be &amp#27;[0m&amp#27;[32m&amp#27;[1m"fail"&amp#27;[0m                         &amp#27;[90m# stepDefinitions.LoginSteps.validateTitle(java.lang.String)&amp#27;[0m
]]></system-out>
  </testcase>
  <testcase name="runScenario[&quot;Login with user vinod&quot;, &quot;DemoQA Login&quot;](3)" classname="runner.TestRunner" time="7.104">
    <system-out><![CDATA[
Scenario: Login with user vinod                           &amp#27;[90m# src/test/resources/features/generatedLogin.feature:15&amp#27;[0m
  &amp#27;[32mGiven &amp#27;[0m&amp#27;[32muser is on login page&amp#27;[0m                             &amp#27;[90m# stepDefinitions.LoginSteps.openBrowser()&amp#27;[0m
  &amp#27;[32mWhen &amp#27;[0m&amp#27;[32muser enters username &amp#27;[0m&amp#27;[32m&amp#27;[1m"vinod"&amp#27;[0m&amp#27;[32m and password &amp#27;[0m&amp#27;[32m&amp#27;[1m"nagpur"&amp#27;[0m &amp#27;[90m# stepDefinitions.LoginSteps.navigateTo(java.lang.String,java.lang.String)&amp#27;[0m
  &amp#27;[32mAnd &amp#27;[0m&amp#27;[32mclicks on login button&amp#27;[0m                              &amp#27;[90m# stepDefinitions.LoginSteps.clicks_on_login_button()&amp#27;[0m
  &amp#27;[32mThen &amp#27;[0m&amp#27;[32mlogin result should be &amp#27;[0m&amp#27;[32m&amp#27;[1m"fail"&amp#27;[0m                      &amp#27;[90m# stepDefinitions.LoginSteps.validateTitle(java.lang.String)&amp#27;[0m
]]></system-out>
  </testcase>
  <testcase name="runScenario[&quot;Login with user  testuser&quot;, &quot;DemoQA Login&quot;](4)" classname="runner.TestRunner" time="8.127">
    <system-out><![CDATA[
Scenario: Login with user  testuser                                  &amp#27;[90m# src/test/resources/features/generatedLogin.feature:21&amp#27;[0m
  &amp#27;[32mGiven &amp#27;[0m&amp#27;[32muser is on login page&amp#27;[0m                                        &amp#27;[90m# stepDefinitions.LoginSteps.openBrowser()&amp#27;[0m
  &amp#27;[32mWhen &amp#27;[0m&amp#27;[32muser enters username &amp#27;[0m&amp#27;[32m&amp#27;[1m" testuser"&amp#27;[0m&amp#27;[32m and password &amp#27;[0m&amp#27;[32m&amp#27;[1m" Password123!"&amp#27;[0m &amp#27;[90m# stepDefinitions.LoginSteps.navigateTo(java.lang.String,java.lang.String)&amp#27;[0m
  &amp#27;[32mAnd &amp#27;[0m&amp#27;[32mclicks on login button&amp#27;[0m                                         &amp#27;[90m# stepDefinitions.LoginSteps.clicks_on_login_button()&amp#27;[0m
  &amp#27;[32mThen &amp#27;[0m&amp#27;[32mlogin result should be &amp#27;[0m&amp#27;[32m&amp#27;[1m" success"&amp#27;[0m                             &amp#27;[90m# stepDefinitions.LoginSteps.validateTitle(java.lang.String)&amp#27;[0m
]]></system-out>
  </testcase>
  <testcase name="runScenario[&quot;Login with user  testuser&quot;, &quot;DemoQA Login&quot;](5)" classname="runner.TestRunner" time="9.924">
    <system-out><![CDATA[
Scenario: Login with user  testuser                                  &amp#27;[90m# src/test/resources/features/generatedLogin.feature:27&amp#27;[0m
  &amp#27;[32mGiven &amp#27;[0m&amp#27;[32muser is on login page&amp#27;[0m                                        &amp#27;[90m# stepDefinitions.LoginSteps.openBrowser()&amp#27;[0m
  &amp#27;[32mWhen &amp#27;[0m&amp#27;[32muser enters username &amp#27;[0m&amp#27;[32m&amp#27;[1m" testuser"&amp#27;[0m&amp#27;[32m and password &amp#27;[0m&amp#27;[32m&amp#27;[1m" Password123!"&amp#27;[0m &amp#27;[90m# stepDefinitions.LoginSteps.navigateTo(java.lang.String,java.lang.String)&amp#27;[0m
  &amp#27;[32mAnd &amp#27;[0m&amp#27;[32mclicks on login button&amp#27;[0m                                         &amp#27;[90m# stepDefinitions.LoginSteps.clicks_on_login_button()&amp#27;[0m
  &amp#27;[32mThen &amp#27;[0m&amp#27;[32mlogin result should be &amp#27;[0m&amp#27;[32m&amp#27;[1m" success"&amp#27;[0m                             &amp#27;[90m# stepDefinitions.LoginSteps.validateTitle(java.lang.String)&amp#27;[0m
]]></system-out>
  </testcase>
  <testcase name="runScenario[&quot;Login with user  testuser&quot;, &quot;DemoQA Login&quot;](6)" classname="runner.TestRunner" time="6.178">
    <system-out><![CDATA[
Scenario: Login with user  testuser                                  &amp#27;[90m# src/test/resources/features/generatedLogin.feature:33&amp#27;[0m
  &amp#27;[32mGiven &amp#27;[0m&amp#27;[32muser is on login page&amp#27;[0m                                        &amp#27;[90m# stepDefinitions.LoginSteps.openBrowser()&amp#27;[0m
  &amp#27;[32mWhen &amp#27;[0m&amp#27;[32muser enters username &amp#27;[0m&amp#27;[32m&amp#27;[1m" testuser"&amp#27;[0m&amp#27;[32m and password &amp#27;[0m&amp#27;[32m&amp#27;[1m" Password123!"&amp#27;[0m &amp#27;[90m# stepDefinitions.LoginSteps.navigateTo(java.lang.String,java.lang.String)&amp#27;[0m
  &amp#27;[32mAnd &amp#27;[0m&amp#27;[32mclicks on login button&amp#27;[0m                                         &amp#27;[90m# stepDefinitions.LoginSteps.clicks_on_login_button()&amp#27;[0m
  &amp#27;[32mThen &amp#27;[0m&amp#27;[32mlogin result should be &amp#27;[0m&amp#27;[32m&amp#27;[1m" success"&amp#27;[0m                             &amp#27;[90m# stepDefinitions.LoginSteps.validateTitle(java.lang.String)&amp#27;[0m
]]></system-out>
  </testcase>
  <testcase name="runScenario[&quot;Login with user  testuser&quot;, &quot;DemoQA Login&quot;](7)" classname="runner.TestRunner" time="6.057">
    <system-out><![CDATA[
Scenario: Login with user  testuser                                  &amp#27;[90m# src/test/resources/features/generatedLogin.feature:39&amp#27;[0m
  &amp#27;[32mGiven &amp#27;[0m&amp#27;[32muser is on login page&amp#27;[0m                                        &amp#27;[90m# stepDefinitions.LoginSteps.openBrowser()&amp#27;[0m
  &amp#27;[32mWhen &amp#27;[0m&amp#27;[32muser enters username &amp#27;[0m&amp#27;[32m&amp#27;[1m" testuser"&amp#27;[0m&amp#27;[32m and password &amp#27;[0m&amp#27;[32m&amp#27;[1m" Password123!"&amp#27;[0m &amp#27;[90m# stepDefinitions.LoginSteps.navigateTo(java.lang.String,java.lang.String)&amp#27;[0m
  &amp#27;[32mAnd &amp#27;[0m&amp#27;[32mclicks on login button&amp#27;[0m                                         &amp#27;[90m# stepDefinitions.LoginSteps.clicks_on_login_button()&amp#27;[0m
  &amp#27;[32mThen &amp#27;[0m&amp#27;[32mlogin result should be &amp#27;[0m&amp#27;[32m&amp#27;[1m" success"&amp#27;[0m                             &amp#27;[90m# stepDefinitions.LoginSteps.validateTitle(java.lang.String)&amp#27;[0m
]]></system-out>
  </testcase>
  <testcase name="runScenario[&quot;Login with user  testuser&quot;, &quot;DemoQA Login&quot;](8)" classname="runner.TestRunner" time="6.885">
    <system-out><![CDATA[
Scenario: Login with user  testuser                                  &amp#27;[90m# src/test/resources/features/generatedLogin.feature:45&amp#27;[0m
  &amp#27;[32mGiven &amp#27;[0m&amp#27;[32muser is on login page&amp#27;[0m                                        &amp#27;[90m# stepDefinitions.LoginSteps.openBrowser()&amp#27;[0m
  &amp#27;[32mWhen &amp#27;[0m&amp#27;[32muser enters username &amp#27;[0m&amp#27;[32m&amp#27;[1m" testuser"&amp#27;[0m&amp#27;[32m and password &amp#27;[0m&amp#27;[32m&amp#27;[1m" Password123!"&amp#27;[0m &amp#27;[90m# stepDefinitions.LoginSteps.navigateTo(java.lang.String,java.lang.String)&amp#27;[0m
  &amp#27;[32mAnd &amp#27;[0m&amp#27;[32mclicks on login button&amp#27;[0m                                         &amp#27;[90m# stepDefinitions.LoginSteps.clicks_on_login_button()&amp#27;[0m
  &amp#27;[32mThen &amp#27;[0m&amp#27;[32mlogin result should be &amp#27;[0m&amp#27;[32m&amp#27;[1m" success"&amp#27;[0m                             &amp#27;[90m# stepDefinitions.LoginSteps.validateTitle(java.lang.String)&amp#27;[0m
]]></system-out>
  </testcase>
  <testcase name="runScenario[&quot;Login with user  testuser&quot;, &quot;DemoQA Login&quot;](9)" classname="runner.TestRunner" time="11.078">
    <system-out><![CDATA[
Scenario: Login with user  testuser                                  &amp#27;[90m# src/test/resources/features/generatedLogin.feature:51&amp#27;[0m
  &amp#27;[32mGiven &amp#27;[0m&amp#27;[32muser is on login page&amp#27;[0m                                        &amp#27;[90m# stepDefinitions.LoginSteps.openBrowser()&amp#27;[0m
  &amp#27;[32mWhen &amp#27;[0m&amp#27;[32muser enters username &amp#27;[0m&amp#27;[32m&amp#27;[1m" testuser"&amp#27;[0m&amp#27;[32m and password &amp#27;[0m&amp#27;[32m&amp#27;[1m" Password123!"&amp#27;[0m &amp#27;[90m# stepDefinitions.LoginSteps.navigateTo(java.lang.String,java.lang.String)&amp#27;[0m
  &amp#27;[32mAnd &amp#27;[0m&amp#27;[32mclicks on login button&amp#27;[0m                                         &amp#27;[90m# stepDefinitions.LoginSteps.clicks_on_login_button()&amp#27;[0m
  &amp#27;[32mThen &amp#27;[0m&amp#27;[32mlogin result should be &amp#27;[0m&amp#27;[32m&amp#27;[1m" success"&amp#27;[0m                             &amp#27;[90m# stepDefinitions.LoginSteps.validateTitle(java.lang.String)&amp#27;[0m
]]></system-out>
  </testcase>
</testsuite>