<?xml version="1.0" encoding="UTF-8"?>
<!-- Generated by org.testng.reporters.JUnitReportReporter -->
<testsuite hostname="Psycho" failures="0" tests="9" name="runner.TestRunner" time="71.956" errors="0" timestamp="2026-04-07T12:24:22 IST" skipped="0">
  <testcase classname="runner.TestRunner" name="runScenario" time="6.890"/>
  <testcase classname="runner.TestRunner" name="runScenario" time="9.925"/>
  <testcase classname="runner.TestRunner" name="runScenario" time="8.128"/>
  <testcase classname="runner.TestRunner" name="runScenario" time="6.177"/>
  <testcase classname="runner.TestRunner" name="runScenario" time="6.056"/>
  <testcase classname="runner.TestRunner" name="runScenario" time="7.104"/>
  <testcase classname="runner.TestRunner" name="runScenario" time="6.885"/>
  <testcase classname="runner.TestRunner" name="runScenario" time="11.077"/>
  <testcase classname="runner.TestRunner" name="runScenario" time="9.714"/>
</testsuite> <!-- runner.TestRunner -->
